2025-10-26 19:08:16,354 [INFO] Activator:176 - 


2025-10-26 19:08:16,356 [INFO] Activator:177 - !SESSION log4j initialized
2025-10-26 19:08:18,884 [ERROR] LogOutputStream:75 - [STDERR_REDIRECT] 
2025-10-26 19:08:20,940 [INFO] LogOutputStream:77 - [STDOUT_REDIRECT] 
2025-10-26 19:08:23,510 [INFO] ApplicationProperties:184 - Using Application install path: /Applications/STM32CubeIDE.app/Contents/Eclipse/plugins/com.st.stm32cube.common.mx_6.12.1.202409122256
2025-10-26 19:08:23,528 [INFO] DbMcusXml:78 - Set database path to: /Applications/STM32CubeIDE.app/Contents/Eclipse/plugins/com.st.stm32cube.common.mx_6.12.1.202409122256//db//mcu/
2025-10-26 19:08:23,528 [INFO] ApiDb:274 - Set plugin database path to: /Applications/STM32CubeIDE.app/Contents/Eclipse/plugins/com.st.stm32cube.common.mx_6.12.1.202409122256//db//plugins/boardmanager/
2025-10-26 19:08:23,530 [WARN] ApiDb:259 - Overriding images path with different value:  => /Applications/STM32CubeIDE.app/Contents/Eclipse/plugins/com.st.stm32cube.common.mx_6.12.1.202409122256//db//plugins/mcufinder/images/
2025-10-26 19:08:23,538 [INFO] ApiDb:250 - Set database path to: /Users/pawel/.stmcufinder/plugins/mcufinder//mcu/
2025-10-26 19:08:23,539 [INFO] DbMcusAds:125 - Set database path to: /Users/pawel/.stmcufinder/plugins/mcufinder//mcu/
2025-10-26 19:08:23,541 [INFO] CrossReferenceDbSqlite:203 - Set database path to: /Users/pawel/.stmcufinder/plugins/mcufinder//mcu/cs/
2025-10-26 19:08:23,667 [INFO] RulesReader:64 - Compatibility file has been processed (297 Rules)
2025-10-26 19:08:23,736 [INFO] DbMcusXml:78 - Set database path to: /Applications/STM32CubeIDE.app/Contents/Eclipse/plugins/com.st.stm32cube.common.mx_6.12.1.202409122256//db//mcu/
2025-10-26 19:08:23,736 [INFO] ApiDb:274 - Set plugin database path to: /Applications/STM32CubeIDE.app/Contents/Eclipse/plugins/com.st.stm32cube.common.mx_6.12.1.202409122256//db//plugins/boardmanager/
2025-10-26 19:08:23,737 [INFO] ApiDb:261 - Set plugin images path to: /Applications/STM32CubeIDE.app/Contents/Eclipse/plugins/com.st.stm32cube.common.mx_6.12.1.202409122256//db//plugins/mcufinder/images/
2025-10-26 19:08:23,737 [WARN] DbFile:41 - Overriding database path with different value: /Users/pawel/.stmcufinder/plugins/mcufinder/ => /Users/pawel/.stmcufinder/plugins/mcufinder
2025-10-26 19:08:23,737 [INFO] ApiDb:250 - Set database path to: /Users/pawel/.stmcufinder/plugins/mcufinder//mcu/
2025-10-26 19:08:23,737 [WARN] DbFile:41 - Overriding database path with different value: /Users/pawel/.stmcufinder/plugins/mcufinder/ => /Users/pawel/.stmcufinder/plugins/mcufinder
2025-10-26 19:08:23,737 [INFO] DbMcusAds:125 - Set database path to: /Users/pawel/.stmcufinder/plugins/mcufinder//mcu/
2025-10-26 19:08:23,737 [WARN] DbFile:41 - Overriding database path with different value: /Users/pawel/.stmcufinder/plugins/mcufinder/ => /Users/pawel/.stmcufinder/plugins/mcufinder
2025-10-26 19:08:23,737 [WARN] DbFile:41 - Overriding database path with different value: /Users/pawel/.stmcufinder/plugins/mcufinder/ => /Users/pawel/.stmcufinder/plugins/mcufinder
2025-10-26 19:08:23,738 [INFO] CrossReferenceDbSqlite:203 - Set database path to: /Users/pawel/.stmcufinder/plugins/mcufinder//mcu/cs/
2025-10-26 19:08:23,832 [INFO] MainPanel:268 - HeapMemory: 268435456
2025-10-26 19:08:24,280 [INFO] DbMcusXml:78 - Set database path to: /Applications/STM32CubeIDE.app/Contents/Eclipse/plugins/com.st.stm32cube.common.mx_6.12.1.202409122256//db//mcu/
2025-10-26 19:08:24,281 [INFO] ApiDb:274 - Set plugin database path to: /Applications/STM32CubeIDE.app/Contents/Eclipse/plugins/com.st.stm32cube.common.mx_6.12.1.202409122256//db//plugins/boardmanager/
2025-10-26 19:08:24,281 [INFO] ApiDb:261 - Set plugin images path to: /Applications/STM32CubeIDE.app/Contents/Eclipse/plugins/com.st.stm32cube.common.mx_6.12.1.202409122256//db//plugins/mcufinder/images/
2025-10-26 19:08:24,281 [WARN] DbFile:41 - Overriding database path with different value: /Users/pawel/.stmcufinder/plugins/mcufinder/ => /Users/pawel/.stmcufinder/plugins/mcufinder
2025-10-26 19:08:24,281 [INFO] ApiDb:250 - Set database path to: /Users/pawel/.stmcufinder/plugins/mcufinder//mcu/
2025-10-26 19:08:24,282 [WARN] DbFile:41 - Overriding database path with different value: /Users/pawel/.stmcufinder/plugins/mcufinder/ => /Users/pawel/.stmcufinder/plugins/mcufinder
2025-10-26 19:08:24,282 [INFO] DbMcusAds:125 - Set database path to: /Users/pawel/.stmcufinder/plugins/mcufinder//mcu/
2025-10-26 19:08:24,282 [WARN] DbFile:41 - Overriding database path with different value: /Users/pawel/.stmcufinder/plugins/mcufinder/ => /Users/pawel/.stmcufinder/plugins/mcufinder
2025-10-26 19:08:24,282 [WARN] DbFile:41 - Overriding database path with different value: /Users/pawel/.stmcufinder/plugins/mcufinder/ => /Users/pawel/.stmcufinder/plugins/mcufinder
2025-10-26 19:08:24,282 [INFO] CrossReferenceDbSqlite:203 - Set database path to: /Users/pawel/.stmcufinder/plugins/mcufinder//mcu/cs/
2025-10-26 19:08:24,347 [INFO] ApplicationProperties:184 - Using Application install path: /Applications/STM32CubeIDE.app/Contents/Eclipse/plugins/com.st.stm32cube.common.mx_6.12.1.202409122256
2025-10-26 19:08:24,349 [INFO] PluginManage:196 - Search for loadable plugins [exclusion list=, ]
2025-10-26 19:08:24,351 [INFO] PluginManage:310 - Check plugin analytics
2025-10-26 19:08:24,597 [INFO] AnalyticsPlugin:253 - Accepted Software Licenses: 
2025-10-26 19:08:24,598 [INFO] AnalyticsPlugin:255 - Accepted CMSIS Pack Licenses: 
2025-10-26 19:08:24,600 [INFO] AnalyticsPlugin:257 - Accepted Firmware Licenses: FW.L4.1.18.0
2025-10-26 19:08:24,612 [INFO] PluginManage:359 - Loaded plugin analytics (category:tool,tabindex:-1)
2025-10-26 19:08:24,614 [INFO] PluginManage:310 - Check plugin cadmodel
2025-10-26 19:08:24,625 [INFO] CADModel:105 - Init CAD model plugin
2025-10-26 19:08:24,626 [INFO] PluginManage:359 - Loaded plugin cadmodel (category:power,tabindex:5)
2025-10-26 19:08:24,626 [INFO] PluginManage:310 - Check plugin clock
2025-10-26 19:08:24,636 [INFO] PluginManage:359 - Loaded plugin clock (category:base,tabindex:2)
2025-10-26 19:08:24,636 [INFO] PluginManage:310 - Check plugin ddr
2025-10-26 19:08:24,638 [INFO] PluginManage:359 - Loaded plugin ddr (category:tool,tabindex:6)
2025-10-26 19:08:24,638 [INFO] PluginManage:310 - Check plugin filemanager
2025-10-26 19:08:24,928 [INFO] PluginManage:359 - Loaded plugin filemanager (category:base,tabindex:10)
2025-10-26 19:08:24,930 [INFO] PluginManage:310 - Check plugin ipmanager
2025-10-26 19:08:24,957 [INFO] PluginManage:359 - Loaded plugin ipmanager (category:base,tabindex:5)
2025-10-26 19:08:24,958 [INFO] PluginManage:310 - Check plugin lpbam
2025-10-26 19:08:24,971 [INFO] PluginManage:359 - Loaded plugin lpbam (category:base,tabindex:0)
2025-10-26 19:08:24,971 [INFO] PluginManage:310 - Check plugin memorymap
2025-10-26 19:08:24,994 [INFO] PluginManage:359 - Loaded plugin memorymap (category:base,tabindex:4)
2025-10-26 19:08:24,994 [INFO] PluginManage:310 - Check plugin pinoutandconfiguration
2025-10-26 19:08:25,001 [INFO] PluginManage:359 - Loaded plugin pinoutandconfiguration (category:base,tabindex:1)
2025-10-26 19:08:25,001 [INFO] PluginManage:310 - Check plugin pinoutconfig
2025-10-26 19:08:25,148 [WARN] SupportedApi:132 - Cannot load RTOS API schema: s4s-elt-must-match.1: The content of 'definitions' must match (annotation?, (simpleType | complexType)?, (unique | key | keyref)*)). A problem was found starting at: attribute.
2025-10-26 19:08:25,384 [INFO] PluginManage:359 - Loaded plugin pinoutconfig (category:base,tabindex:0)
2025-10-26 19:08:25,386 [INFO] PluginManage:310 - Check plugin power
2025-10-26 19:08:25,414 [INFO] PluginManage:359 - Loaded plugin power (category:power,tabindex:4)
2025-10-26 19:08:25,414 [INFO] PluginManage:310 - Check plugin projectmanager
2025-10-26 19:08:25,488 [INFO] PluginManage:359 - Loaded plugin projectmanager (category:projectmanager,tabindex:4)
2025-10-26 19:08:25,488 [INFO] PluginManage:310 - Check plugin rif
2025-10-26 19:08:25,495 [INFO] PluginManage:359 - Loaded plugin rif (category:base,tabindex:3)
2025-10-26 19:08:25,495 [INFO] PluginManage:310 - Check plugin thirdparty
2025-10-26 19:08:25,927 [ERROR] LogOutputStream:75 - [STDERR_REDIRECT] [Fatal Error] :2:10: DOCTYPE is disallowed when the feature "http://apache.org/xml/features/disallow-doctype-decl" set to true.
2025-10-26 19:08:25,930 [ERROR] LogOutputStream:75 - [STDERR_REDIRECT] 
2025-10-26 19:08:25,973 [INFO] PluginManage:359 - Loaded plugin thirdparty (category:base,tabindex:-1)
2025-10-26 19:08:25,973 [WARN] IntegrityCheckThread:84 - waiting for thirdparty lock release [integrity check]
2025-10-26 19:08:25,973 [INFO] IntegrityCheckThread:86 - entering critical section [integrity check]
2025-10-26 19:08:25,975 [INFO] PluginManage:310 - Check plugin tools
2025-10-26 19:08:25,979 [INFO] ThirdPartyUpdaterWithRetryManager:70 - Updater plugin not ready yet. [1/15]
2025-10-26 19:08:25,984 [INFO] PluginManage:359 - Loaded plugin tools (category:base,tabindex:7)
2025-10-26 19:08:25,985 [INFO] PluginManage:310 - Check plugin tutovideos
2025-10-26 19:08:26,164 [INFO] PluginManage:359 - Loaded plugin tutovideos (category:base,tabindex:-1)
2025-10-26 19:08:26,164 [INFO] PluginManage:310 - Check plugin updater
2025-10-26 19:08:26,191 [INFO] PluginManage:359 - Loaded plugin updater (category:base,tabindex:12)
2025-10-26 19:08:26,191 [INFO] PluginManage:310 - Check plugin userauth
2025-10-26 19:08:26,198 [INFO] UserAuth:113 - Init User Auth plugin
2025-10-26 19:08:26,198 [INFO] PluginManage:359 - Loaded plugin userauth (category:base,tabindex:14)
2025-10-26 19:08:26,200 [INFO] PluginManage:283 - PluginManage : Loaded plugins [18]
2025-10-26 19:08:26,475 [INFO] PinOutPanel:1561 - setPackage(No Configuration,No Configuration)
2025-10-26 19:08:26,655 [INFO] CADModel:165 - CPN selected for project level
2025-10-26 19:08:26,656 [INFO] CADModel:114 - Register for checkConnection events
2025-10-26 19:08:26,674 [INFO] IPUIPlugin:80 - create IPUIPlugin
2025-10-26 19:08:26,675 [INFO] PluginManager:220 - loadIPPluginJar : add mdma
2025-10-26 19:08:26,680 [INFO] IPUIPlugin:80 - create IPUIPlugin
2025-10-26 19:08:26,680 [INFO] PluginManager:220 - loadIPPluginJar : add freertos
2025-10-26 19:08:26,682 [INFO] IPUIPlugin:80 - create IPUIPlugin
2025-10-26 19:08:26,683 [INFO] PluginManager:220 - loadIPPluginJar : add gic
2025-10-26 19:08:26,689 [INFO] IPUIPlugin:80 - create IPUIPlugin
2025-10-26 19:08:26,689 [INFO] PluginManager:220 - loadIPPluginJar : add adc
2025-10-26 19:08:26,690 [INFO] IPUIPlugin:80 - create IPUIPlugin
2025-10-26 19:08:26,690 [INFO] PluginManager:220 - loadIPPluginJar : add gtzc
2025-10-26 19:08:26,691 [INFO] IPUIPlugin:80 - create IPUIPlugin
2025-10-26 19:08:26,691 [INFO] PluginManager:220 - loadIPPluginJar : add quadspi
2025-10-26 19:08:26,693 [INFO] IPUIPlugin:80 - create IPUIPlugin
2025-10-26 19:08:26,693 [INFO] PluginManager:220 - loadIPPluginJar : add aes
2025-10-26 19:08:26,694 [INFO] IPUIPlugin:80 - create IPUIPlugin
2025-10-26 19:08:26,694 [INFO] PluginManager:220 - loadIPPluginJar : add pdm2pcm
2025-10-26 19:08:26,696 [INFO] IPUIPlugin:80 - create IPUIPlugin
2025-10-26 19:08:26,696 [INFO] PluginManager:220 - loadIPPluginJar : add hash
2025-10-26 19:08:26,697 [INFO] IPUIPlugin:80 - create IPUIPlugin
2025-10-26 19:08:26,698 [INFO] PluginManager:220 - loadIPPluginJar : add tim
2025-10-26 19:08:26,699 [INFO] IPUIPlugin:80 - create IPUIPlugin
2025-10-26 19:08:26,699 [INFO] PluginManager:220 - loadIPPluginJar : add tsc
2025-10-26 19:08:26,701 [INFO] IPUIPlugin:80 - create IPUIPlugin
2025-10-26 19:08:26,702 [INFO] PluginManager:220 - loadIPPluginJar : add extmemmanager
2025-10-26 19:08:26,703 [INFO] IPUIPlugin:80 - create IPUIPlugin
2025-10-26 19:08:26,703 [INFO] PluginManager:220 - loadIPPluginJar : add ts
2025-10-26 19:08:26,705 [INFO] IPUIPlugin:80 - create IPUIPlugin
2025-10-26 19:08:26,706 [INFO] PluginManager:220 - loadIPPluginJar : add radio
2025-10-26 19:08:26,707 [INFO] IPUIPlugin:80 - create IPUIPlugin
2025-10-26 19:08:26,707 [INFO] PluginManager:220 - loadIPPluginJar : add can
2025-10-26 19:08:26,708 [INFO] IPUIPlugin:80 - create IPUIPlugin
2025-10-26 19:08:26,708 [INFO] PluginManager:220 - loadIPPluginJar : add dma3
2025-10-26 19:08:26,709 [INFO] IPUIPlugin:80 - create IPUIPlugin
2025-10-26 19:08:26,709 [INFO] PluginManager:220 - loadIPPluginJar : add dfsdm
2025-10-26 19:08:26,710 [INFO] IPUIPlugin:80 - create IPUIPlugin
2025-10-26 19:08:26,710 [INFO] PluginManager:220 - loadIPPluginJar : add spi
2025-10-26 19:08:26,711 [INFO] IPUIPlugin:80 - create IPUIPlugin
2025-10-26 19:08:26,711 [INFO] PluginManager:220 - loadIPPluginJar : add gfxmmu
2025-10-26 19:08:26,713 [INFO] IPUIPlugin:80 - create IPUIPlugin
2025-10-26 19:08:26,713 [INFO] PluginManager:220 - loadIPPluginJar : add genericplugin
2025-10-26 19:08:26,714 [INFO] IPUIPlugin:80 - create IPUIPlugin
2025-10-26 19:08:26,716 [INFO] PluginManager:220 - loadIPPluginJar : add cryp
2025-10-26 19:08:26,718 [INFO] IPUIPlugin:80 - create IPUIPlugin
2025-10-26 19:08:26,718 [INFO] PluginManager:220 - loadIPPluginJar : add gpio
2025-10-26 19:08:26,721 [INFO] IPUIPlugin:80 - create IPUIPlugin
2025-10-26 19:08:26,721 [INFO] PluginManager:220 - loadIPPluginJar : add ddr_ctrl_phy
2025-10-26 19:08:26,722 [INFO] IPUIPlugin:80 - create IPUIPlugin
2025-10-26 19:08:26,722 [INFO] PluginManager:220 - loadIPPluginJar : add comp
2025-10-26 19:08:26,724 [INFO] IPUIPlugin:80 - create IPUIPlugin
2025-10-26 19:08:26,724 [INFO] PluginManager:220 - loadIPPluginJar : add tracer_emb
2025-10-26 19:08:26,727 [INFO] IPUIPlugin:80 - create IPUIPlugin
2025-10-26 19:08:26,727 [INFO] PluginManager:220 - loadIPPluginJar : add openamp
2025-10-26 19:08:26,731 [INFO] IPUIPlugin:80 - create IPUIPlugin
2025-10-26 19:08:26,731 [INFO] PluginManager:220 - loadIPPluginJar : add stm32_wpan
2025-10-26 19:08:26,735 [INFO] IPUIPlugin:80 - create IPUIPlugin
2025-10-26 19:08:26,746 [INFO] PluginManager:220 - loadIPPluginJar : add plateformsettings
2025-10-26 19:08:26,749 [INFO] IPUIPlugin:80 - create IPUIPlugin
2025-10-26 19:08:26,749 [INFO] PluginManager:220 - loadIPPluginJar : add ipddr
2025-10-26 19:08:26,751 [INFO] IPUIPlugin:80 - create IPUIPlugin
2025-10-26 19:08:26,751 [INFO] PluginManager:220 - loadIPPluginJar : add usart
2025-10-26 19:08:26,752 [INFO] IPUIPlugin:80 - create IPUIPlugin
2025-10-26 19:08:26,752 [INFO] PluginManager:220 - loadIPPluginJar : add ltdc
2025-10-26 19:08:26,754 [INFO] IPUIPlugin:80 - create IPUIPlugin
2025-10-26 19:08:26,754 [INFO] PluginManager:220 - loadIPPluginJar : add nvic
2025-10-26 19:08:26,755 [INFO] IPUIPlugin:80 - create IPUIPlugin
2025-10-26 19:08:26,755 [INFO] PluginManager:220 - loadIPPluginJar : add fatfs
2025-10-26 19:08:26,760 [INFO] IPUIPlugin:80 - create IPUIPlugin
2025-10-26 19:08:26,760 [INFO] PluginManager:220 - loadIPPluginJar : add linkedlist
2025-10-26 19:08:26,763 [INFO] IPUIPlugin:80 - create IPUIPlugin
2025-10-26 19:08:26,764 [INFO] PluginManager:220 - loadIPPluginJar : add dma
2025-10-26 19:08:26,766 [INFO] IPUIPlugin:80 - create IPUIPlugin
2025-10-26 19:08:26,766 [INFO] PluginManager:220 - loadIPPluginJar : add fmc
2025-10-26 19:08:26,767 [INFO] IPUIPlugin:80 - create IPUIPlugin
2025-10-26 19:08:26,768 [INFO] PluginManager:220 - loadIPPluginJar : add i2s
2025-10-26 19:08:26,768 [INFO] IPUIPlugin:80 - create IPUIPlugin
2025-10-26 19:08:26,769 [INFO] PluginManager:220 - loadIPPluginJar : add ucpd
2025-10-26 19:08:26,770 [INFO] IPUIPlugin:80 - create IPUIPlugin
2025-10-26 19:08:26,770 [INFO] PluginManager:220 - loadIPPluginJar : add lorawan
2025-10-26 19:08:26,772 [INFO] IPUIPlugin:80 - create IPUIPlugin
2025-10-26 19:08:26,772 [INFO] PluginManager:220 - loadIPPluginJar : add opamp
2025-10-26 19:08:26,773 [INFO] IPUIPlugin:80 - create IPUIPlugin
2025-10-26 19:08:26,773 [INFO] PluginManager:220 - loadIPPluginJar : add i3c
2025-10-26 19:08:26,775 [INFO] IPUIPlugin:80 - create IPUIPlugin
2025-10-26 19:08:26,776 [INFO] PluginManager:220 - loadIPPluginJar : add touchsensing
2025-10-26 19:08:26,778 [INFO] IPUIPlugin:80 - create IPUIPlugin
2025-10-26 19:08:26,778 [INFO] PluginManager:220 - loadIPPluginJar : add i2c
2025-10-26 19:08:26,780 [INFO] IPUIPlugin:80 - create IPUIPlugin
2025-10-26 19:08:26,781 [INFO] PluginManager:220 - loadIPPluginJar : add resmgrutility
2025-10-26 19:08:26,782 [INFO] IPUIPlugin:80 - create IPUIPlugin
2025-10-26 19:08:26,782 [INFO] PluginManager:220 - loadIPPluginJar : add sai
2025-10-26 19:08:26,784 [INFO] IPUIPlugin:80 - create IPUIPlugin
2025-10-26 19:08:26,784 [INFO] PluginManager:220 - loadIPPluginJar : add usbx
2025-10-26 19:08:26,909 [INFO] CADModel:165 - CPN selected for project level
2025-10-26 19:08:26,910 [INFO] CADModel:114 - Register for checkConnection events
2025-10-26 19:08:26,910 [FATAL] Updater:334 - Updater called before beeing initialized
2025-10-26 19:08:26,911 [ERROR] CADModel:125 - Updater not yet initialized, retry later 
2025-10-26 19:08:27,139 [INFO] CADModel:165 - CPN selected for project level
2025-10-26 19:08:27,139 [INFO] CADModel:114 - Register for checkConnection events
2025-10-26 19:08:27,139 [FATAL] Updater:334 - Updater called before beeing initialized
2025-10-26 19:08:27,139 [ERROR] CADModel:125 - Updater not yet initialized, retry later 
2025-10-26 19:08:27,141 [FATAL] Updater:334 - Updater called before beeing initialized
2025-10-26 19:08:27,295 [FATAL] Updater:334 - Updater called before beeing initialized
2025-10-26 19:08:27,301 [INFO] DbMcusAds:53 - JSON generation date=Thu Oct 02 11:36:05 CEST 2025 (1759397765645)
2025-10-26 19:08:27,301 [FATAL] Updater:334 - Updater called before beeing initialized
2025-10-26 19:08:27,367 [WARN] DetailPanel:346 - Failed to get advertising image, set to default
2025-10-26 19:08:27,437 [FATAL] Updater:334 - Updater called before beeing initialized
2025-10-26 19:08:27,438 [FATAL] Updater:334 - Updater called before beeing initialized
2025-10-26 19:08:27,438 [FATAL] Updater:334 - Updater called before beeing initialized
2025-10-26 19:08:27,438 [WARN] DetailPanel:346 - Failed to get advertising image, set to default
2025-10-26 19:08:27,439 [FATAL] Updater:334 - Updater called before beeing initialized
2025-10-26 19:08:27,517 [ERROR] Updater:1164 - MainUpdater not yet initialized. External WinMGr cannot be set.
2025-10-26 19:08:27,523 [INFO] Updater:1100 - Updater Version found : 6.12.1
2025-10-26 19:08:27,537 [INFO] ApplicationProperties:184 - Using Application install path: /Applications/STM32CubeIDE.app/Contents/Eclipse/plugins/com.st.stm32cube.common.mx_6.12.1.202409122256
2025-10-26 19:08:27,929 [INFO] MainUpdater:2873 - connection check result : 10
2025-10-26 19:08:27,930 [INFO] MainUpdater:290 - Updater Check For Update Now.
2025-10-26 19:08:27,930 [INFO] MicroXplorer:498 - Change Database Version : DB.6.0.121
2025-10-26 19:08:27,935 [INFO] McuFinderGlobals:63 - Set McuFinder mode to 2 (CubeIDE integrated)
2025-10-26 19:08:27,937 [INFO] UserAuth:417 - Internet connection configuration mode: 1
2025-10-26 19:08:27,949 [INFO] JxBrowserEngine:152 - Initiate JxBrowser Engine with user profile folder
2025-10-26 19:08:28,226 [INFO] CheckServerUpdateThread:120 - End of CheckServer Thread
2025-10-26 19:08:29,200 [WARN] PackLoader:240 - Cannot read IP mode file for STMicroelectronics.FP-SNS-MOTENVWB1.1.4.0
2025-10-26 19:08:29,225 [WARN] PackLoader:240 - Cannot read IP mode file for STMicroelectronics.FP-ATR-ASTRA1.2.0.2
2025-10-26 19:08:29,240 [WARN] PackLoader:240 - Cannot read IP mode file for STMicroelectronics.FP-ATR-ASTRA1.2.0.1
2025-10-26 19:08:29,260 [WARN] PackLoader:240 - Cannot read IP mode file for STMicroelectronics.X-CUBE-SMBUS.2.1.0
2025-10-26 19:08:29,275 [WARN] PackLoader:240 - Cannot read IP mode file for STMicroelectronics.X-CUBE-WB05N.1.1.0
2025-10-26 19:08:29,283 [ERROR] Engine:466 - /Users/pawel/.stm32cubemx/thirdparties/pdsc/STMicroelectronics.X-CUBE-ST60.1.0.0.pdsc: PDSC version is not supported
2025-10-26 19:08:29,331 [WARN] PackLoader:240 - Cannot read IP mode file for STMicroelectronics.X-CUBE-AZRTOS-F7.1.1.0
2025-10-26 19:08:29,519 [WARN] PackLoader:240 - Cannot read IP mode file for STMicroelectronics.X-CUBE-MEMS1.11.0.0
2025-10-26 19:08:29,848 [WARN] PackLoader:240 - Cannot read IP mode file for STMicroelectronics.FP-SNS-FLIGHT1.5.0.2
2025-10-26 19:08:29,925 [WARN] PackLoader:240 - Cannot read IP mode file for Infineon.AIROC-Wi-Fi-Bluetooth-STM32.1.7.0
2025-10-26 19:08:30,041 [WARN] PackLoader:240 - Cannot read IP mode file for STMicroelectronics.X-CUBE-AZRTOS-H7.3.4.0
2025-10-26 19:08:30,118 [WARN] PackLoader:240 - Cannot read IP mode file for STMicroelectronics.X-CUBE-DISPLAY.3.0.0
2025-10-26 19:08:30,139 [WARN] PackLoader:240 - Cannot read IP mode file for STMicroelectronics.X-CUBE-BLE1.7.0.0
2025-10-26 19:08:30,160 [WARN] PackLoader:240 - Cannot read IP mode file for STMicroelectronics.X-CUBE-NFC10.1.0.0
2025-10-26 19:08:30,189 [WARN] PackLoader:240 - Cannot read IP mode file for STMicroelectronics.X-CUBE-BLEMGR.4.0.0
2025-10-26 19:08:30,202 [ERROR] Engine:466 - /Users/pawel/.stm32cubemx/thirdparties/pdsc/STMicroelectronics.X-CUBE-ST60.1.1.0.pdsc: PDSC version is not supported
2025-10-26 19:08:30,209 [WARN] PackLoader:240 - Cannot read IP mode file for emotas.I-CUBE-CANOPEN.1.3.0
2025-10-26 19:08:30,227 [WARN] PackLoader:240 - Cannot read IP mode file for STMicroelectronics.X-CUBE-BLEMGR.3.1.0
2025-10-26 19:08:30,239 [WARN] PackLoader:240 - Cannot read IP mode file for STMicroelectronics.X-CUBE-AI.10.0.0
2025-10-26 19:08:30,252 [ERROR] Engine:466 - /Users/pawel/.stm32cubemx/thirdparties/pdsc/STMicroelectronics.FP-SNS-STBOX1.2.1.0.pdsc: PDSC version is not supported
2025-10-26 19:08:30,256 [WARN] PackLoader:240 - Cannot read IP mode file for STMicroelectronics.FP-SNS-SMARTAG2.1.2.0
2025-10-26 19:08:30,260 [ERROR] Engine:466 - /Users/pawel/.stm32cubemx/thirdparties/pdsc/STMicroelectronics.FP-SNS-FLIGHT1.5.1.0.pdsc: PDSC version is not supported
2025-10-26 19:08:30,363 [WARN] PackLoader:240 - Cannot read IP mode file for STMicroelectronics.X-CUBE-MEMS1.11.1.0
2025-10-26 19:08:30,514 [INFO] LogOutputStream:77 - [STDOUT_REDIRECT] 1 : Invalid condition id : UX_CORESTACK_Condition cause : null
2025-10-26 19:08:30,517 [INFO] LogOutputStream:77 - [STDOUT_REDIRECT] 1 : Invalid condition id : UX_CORESTACK_Condition cause : null
2025-10-26 19:08:30,517 [INFO] LogOutputStream:77 - [STDOUT_REDIRECT] 1 : Invalid condition id : UX_CORESTACK_Condition cause : null
2025-10-26 19:08:30,518 [INFO] LogOutputStream:77 - [STDOUT_REDIRECT] 1 : Invalid condition id : UX_CORESTACK_Condition cause : null
2025-10-26 19:08:30,518 [INFO] LogOutputStream:77 - [STDOUT_REDIRECT] 1 : Invalid condition id : UX_CORESTACK_Condition cause : null
2025-10-26 19:08:30,535 [WARN] PackLoader:240 - Cannot read IP mode file for STMicroelectronics.X-CUBE-AZRTOS-WL.2.0.0
2025-10-26 19:08:30,553 [WARN] PackLoader:240 - Cannot read IP mode file for STMicroelectronics.FP-SNS-MOTENV1.5.0.0
2025-10-26 19:08:30,558 [WARN] PackLoader:240 - Cannot read IP mode file for wolfSSL.I-CUBE-wolfMQTT.1.19.0
2025-10-26 19:08:30,569 [WARN] PackLoader:240 - Cannot read IP mode file for WES.I-CUBE-Cesium.1.3.0
2025-10-26 19:08:30,574 [WARN] PackLoader:240 - Cannot read IP mode file for STMicroelectronics.X-CUBE-BLE2.3.3.0
2025-10-26 19:08:30,584 [WARN] PackLoader:240 - Cannot read IP mode file for STMicroelectronics.X-CUBE-NFC9.1.0.0
2025-10-26 19:08:30,593 [WARN] PackLoader:240 - Cannot read IP mode file for STMicroelectronics.X-CUBE-BLE1.7.1.0
2025-10-26 19:08:30,605 [WARN] PackLoader:240 - Cannot read IP mode file for STMicroelectronics.X-CUBE-TCPP.4.1.0
2025-10-26 19:08:30,620 [WARN] PackLoader:240 - Cannot read IP mode file for STMicroelectronics.X-CUBE-EEPRMA1.5.2.0
2025-10-26 19:08:30,631 [ERROR] Engine:466 - /Users/pawel/.stm32cubemx/thirdparties/pdsc/STMicroelectronics.X-CUBE-ST67W61.1.1.0.pdsc: PDSC version is not supported
2025-10-26 19:08:30,637 [WARN] PackLoader:240 - Cannot read IP mode file for STMicroelectronics.X-CUBE-AI.10.1.0
2025-10-26 19:08:30,712 [WARN] PackLoader:240 - Cannot read IP mode file for STMicroelectronics.X-CUBE-MEMS1.11.2.0
2025-10-26 19:08:30,835 [WARN] PackLoader:240 - Cannot read IP mode file for STMicroelectronics.X-CUBE-AZRTOS-G0.1.1.0
2025-10-26 19:08:30,862 [WARN] PackLoader:240 - Cannot read IP mode file for STMicroelectronics.X-CUBE-SAFEA1.1.2.2
2025-10-26 19:08:30,870 [WARN] PackLoader:240 - Cannot read IP mode file for STMicroelectronics.X-CUBE-NFC4.3.0.0
2025-10-26 19:08:30,889 [WARN] PackLoader:240 - Cannot read IP mode file for EmbeddedOffice.I-CUBE-FS-RTOS.1.0.1
2025-10-26 19:08:30,895 [ERROR] ConditionMgr:805 - Attr not supported : Dmpu
2025-10-26 19:08:30,896 [ERROR] ConditionMgr:805 - Attr not supported : Dmpu
2025-10-26 19:08:30,897 [ERROR] ConditionMgr:805 - Attr not supported : Dmpu
2025-10-26 19:08:30,897 [ERROR] ConditionMgr:805 - Attr not supported : Dmpu
2025-10-26 19:08:30,897 [ERROR] ConditionMgr:805 - Attr not supported : Dmpu
2025-10-26 19:08:30,897 [ERROR] ConditionMgr:805 - Attr not supported : Dmpu
2025-10-26 19:08:30,897 [ERROR] ConditionMgr:805 - Attr not supported : Dmpu
2025-10-26 19:08:30,898 [ERROR] ConditionMgr:805 - Attr not supported : Dmpu
2025-10-26 19:08:30,898 [ERROR] ConditionMgr:805 - Attr not supported : Dmpu
2025-10-26 19:08:30,898 [ERROR] ConditionMgr:805 - Attr not supported : Dmpu
2025-10-26 19:08:30,898 [ERROR] ConditionMgr:805 - Attr not supported : Dmpu
2025-10-26 19:08:30,898 [ERROR] ConditionMgr:805 - Attr not supported : Dmpu
2025-10-26 19:08:30,898 [ERROR] ConditionMgr:805 - Attr not supported : Dmpu
2025-10-26 19:08:30,898 [ERROR] ConditionMgr:805 - Attr not supported : Dmpu
2025-10-26 19:08:30,898 [ERROR] ConditionMgr:805 - Attr not supported : Dmpu
2025-10-26 19:08:30,898 [ERROR] ConditionMgr:805 - Attr not supported : Dmpu
2025-10-26 19:08:30,898 [ERROR] ConditionMgr:805 - Attr not supported : Dmpu
2025-10-26 19:08:30,898 [ERROR] ConditionMgr:805 - Attr not supported : Dmpu
2025-10-26 19:08:30,899 [ERROR] ConditionMgr:805 - Attr not supported : Dmpu
2025-10-26 19:08:30,899 [ERROR] ConditionMgr:805 - Attr not supported : Dmpu
2025-10-26 19:08:30,899 [ERROR] ConditionMgr:805 - Attr not supported : Dmpu
2025-10-26 19:08:30,899 [ERROR] ConditionMgr:805 - Attr not supported : Dmpu
2025-10-26 19:08:30,899 [ERROR] ConditionMgr:805 - Attr not supported : Dmpu
2025-10-26 19:08:30,899 [ERROR] ConditionMgr:805 - Attr not supported : Dmpu
2025-10-26 19:08:30,899 [ERROR] ConditionMgr:805 - Attr not supported : Dmpu
2025-10-26 19:08:30,899 [ERROR] ConditionMgr:805 - Attr not supported : Dmpu
2025-10-26 19:08:30,899 [ERROR] ConditionMgr:805 - Attr not supported : Dmpu
2025-10-26 19:08:30,899 [ERROR] ConditionMgr:805 - Attr not supported : Dmpu
2025-10-26 19:08:30,899 [ERROR] ConditionMgr:805 - Attr not supported : Dmpu
2025-10-26 19:08:30,899 [ERROR] ConditionMgr:805 - Attr not supported : Dmpu
2025-10-26 19:08:30,899 [ERROR] ConditionMgr:805 - Attr not supported : Dmpu
2025-10-26 19:08:30,899 [ERROR] ConditionMgr:805 - Attr not supported : Dmpu
2025-10-26 19:08:30,899 [ERROR] ConditionMgr:805 - Attr not supported : Dmpu
2025-10-26 19:08:30,899 [ERROR] ConditionMgr:805 - Attr not supported : Dmpu
2025-10-26 19:08:30,899 [ERROR] ConditionMgr:805 - Attr not supported : Dmpu
2025-10-26 19:08:30,899 [ERROR] ConditionMgr:805 - Attr not supported : Dmpu
2025-10-26 19:08:30,899 [ERROR] ConditionMgr:805 - Attr not supported : Dmpu
2025-10-26 19:08:30,900 [ERROR] ConditionMgr:805 - Attr not supported : Dmpu
2025-10-26 19:08:30,900 [ERROR] ConditionMgr:805 - Attr not supported : Dmpu
2025-10-26 19:08:30,900 [ERROR] ConditionMgr:805 - Attr not supported : Dmpu
2025-10-26 19:08:30,900 [ERROR] ConditionMgr:805 - Attr not supported : Dmpu
2025-10-26 19:08:30,900 [ERROR] ConditionMgr:805 - Attr not supported : Dmpu
2025-10-26 19:08:30,900 [ERROR] ConditionMgr:805 - Attr not supported : Dmpu
2025-10-26 19:08:30,900 [ERROR] ConditionMgr:805 - Attr not supported : Dmpu
2025-10-26 19:08:30,900 [ERROR] ConditionMgr:805 - Attr not supported : Dmpu
2025-10-26 19:08:30,900 [ERROR] ConditionMgr:805 - Attr not supported : Dmpu
2025-10-26 19:08:30,901 [ERROR] ConditionMgr:805 - Attr not supported : Dmpu
2025-10-26 19:08:30,901 [ERROR] ConditionMgr:805 - Attr not supported : Dmpu
2025-10-26 19:08:30,901 [ERROR] ConditionMgr:805 - Attr not supported : Dmpu
2025-10-26 19:08:30,901 [ERROR] ConditionMgr:805 - Attr not supported : Dmpu
2025-10-26 19:08:30,901 [ERROR] ConditionMgr:805 - Attr not supported : Dmpu
2025-10-26 19:08:30,901 [ERROR] ConditionMgr:805 - Attr not supported : Dmpu
2025-10-26 19:08:30,901 [ERROR] ConditionMgr:805 - Attr not supported : Dmpu
2025-10-26 19:08:30,901 [ERROR] ConditionMgr:805 - Attr not supported : Dmpu
2025-10-26 19:08:30,901 [ERROR] ConditionMgr:805 - Attr not supported : Dmpu
2025-10-26 19:08:30,901 [ERROR] ConditionMgr:805 - Attr not supported : Dmpu
2025-10-26 19:08:30,901 [ERROR] ConditionMgr:805 - Attr not supported : Dmpu
2025-10-26 19:08:30,901 [ERROR] ConditionMgr:805 - Attr not supported : Dmpu
2025-10-26 19:08:30,901 [ERROR] ConditionMgr:805 - Attr not supported : Dmpu
2025-10-26 19:08:30,901 [ERROR] ConditionMgr:805 - Attr not supported : Dmpu
2025-10-26 19:08:30,901 [ERROR] ConditionMgr:805 - Attr not supported : Dmpu
2025-10-26 19:08:30,901 [ERROR] ConditionMgr:805 - Attr not supported : Dmpu
2025-10-26 19:08:30,901 [ERROR] ConditionMgr:805 - Attr not supported : Dmpu
2025-10-26 19:08:30,901 [ERROR] ConditionMgr:805 - Attr not supported : Dmpu
2025-10-26 19:08:30,918 [WARN] PackLoader:240 - Cannot read IP mode file for STMicroelectronics.X-CUBE-WB05N.2.0.0
2025-10-26 19:08:30,936 [ERROR] Engine:466 - /Users/pawel/.stm32cubemx/thirdparties/pdsc/STMicroelectronics.X-CUBE-TCPP.4.2.0.pdsc: PDSC version is not supported
2025-10-26 19:08:30,944 [WARN] PackLoader:240 - Cannot read IP mode file for RealThread.X-CUBE-RT-Thread_Nano.4.1.1
2025-10-26 19:08:30,949 [WARN] PackLoader:240 - Cannot read IP mode file for STMicroelectronics.FP-ATR-SIGFOX1.3.2.0
2025-10-26 19:08:30,956 [WARN] PackLoader:240 - Cannot read IP mode file for wolfSSL.I-CUBE-wolfSSL.5.7.2
2025-10-26 19:08:30,962 [WARN] ConditionMgr:438 - getConditionDescription Invalid condition id : Cortex-A Device cause : null
2025-10-26 19:08:30,982 [WARN] ConditionMgr:1039 - genDependencies : Invalid condition id : Cortex-A Device cause : null
2025-10-26 19:08:30,983 [WARN] ConditionMgr:1039 - genDependencies : Invalid condition id : Cortex-A Device cause : null
2025-10-26 19:08:30,983 [WARN] ConditionMgr:1039 - genDependencies : Invalid condition id : Cortex-A Device cause : null
2025-10-26 19:08:30,988 [WARN] PackLoader:240 - Cannot read IP mode file for STMicroelectronics.X-CUBE-EEPRMA1.5.1.0
2025-10-26 19:08:30,992 [WARN] PackLoader:240 - Cannot read IP mode file for wolfSSL.I-CUBE-wolfSSL.5.7.4
2025-10-26 19:08:31,005 [WARN] PackLoader:240 - Cannot read IP mode file for ITTIA_DB.I-CUBE-ITTIADB.8.9.0
2025-10-26 19:08:31,018 [ERROR] Engine:466 - /Users/pawel/.stm32cubemx/thirdparties/pdsc/STMicroelectronics.X-CUBE-ST67W61.1.0.0.pdsc: PDSC version is not supported
2025-10-26 19:08:31,024 [WARN] PackLoader:240 - Cannot read IP mode file for STMicroelectronics.X-CUBE-AI.10.2.0
2025-10-26 19:08:31,103 [WARN] PackLoader:240 - Cannot read IP mode file for SEGGER.I-CUBE-embOS.1.3.1
2025-10-26 19:08:31,160 [WARN] PackLoader:240 - Cannot read IP mode file for STMicroelectronics.X-CUBE-ALGOBUILD.1.4.0
2025-10-26 19:08:31,247 [WARN] PackLoader:240 - Cannot read IP mode file for STMicroelectronics.X-CUBE-MEMS1.11.3.0
2025-10-26 19:08:31,350 [WARN] PackLoader:240 - Cannot read IP mode file for STMicroelectronics.X-CUBE-AI.9.1.0
2025-10-26 19:08:31,354 [WARN] PackLoader:240 - Cannot read IP mode file for STMicroelectronics.X-CUBE-PM33A1.1.0.0
2025-10-26 19:08:31,387 [WARN] PackLoader:240 - Cannot read IP mode file for STMicroelectronics.X-CUBE-AZRTOS-F4.1.1.0
2025-10-26 19:08:31,413 [ERROR] Engine:466 - /Users/pawel/.stm32cubemx/thirdparties/pdsc/Avnet-IotConnect.X-CUBE-IoTC-DA16k-PMOD.1.0.0.pdsc: PDSC version is not supported
2025-10-26 19:08:31,426 [WARN] PackLoader:240 - Cannot read IP mode file for STMicroelectronics.X-CUBE-ISPU.2.1.0
2025-10-26 19:08:31,441 [ERROR] Engine:466 - /Users/pawel/.stm32cubemx/thirdparties/pdsc/STMicroelectronics.X-CUBE-IPS.3.2.0.pdsc: PDSC version is not supported
2025-10-26 19:08:31,462 [WARN] PackLoader:240 - Cannot read IP mode file for STMicroelectronics.X-CUBE-FREERTOS.1.2.0
2025-10-26 19:08:31,481 [WARN] PackLoader:240 - Cannot read IP mode file for STMicroelectronics.X-CUBE-NFC12.1.0.0
2025-10-26 19:08:31,588 [WARN] PackLoader:240 - Cannot read IP mode file for STMicroelectronics.X-CUBE-AZRTOS-L5.2.0.0
2025-10-26 19:08:31,636 [WARN] PackLoader:240 - Cannot read IP mode file for STMicroelectronics.X-CUBE-NFC6.3.1.0
2025-10-26 19:08:31,658 [WARN] PackLoader:240 - Cannot read IP mode file for STMicroelectronics.X-CUBE-DPower.1.2.0
2025-10-26 19:08:31,665 [WARN] PackLoader:240 - Cannot read IP mode file for STMicroelectronics.X-CUBE-FREERTOS.1.3.1
2025-10-26 19:08:31,671 [WARN] PackLoader:240 - Cannot read IP mode file for STMicroelectronics.X-CUBE-FREERTOS.1.3.0
2025-10-26 19:08:31,680 [WARN] PackLoader:240 - Cannot read IP mode file for STMicroelectronics.X-CUBE-NFC7.1.0.1
2025-10-26 19:08:31,697 [WARN] PackLoader:240 - Cannot read IP mode file for STMicroelectronics.X-CUBE-TOUCHGFX.4.26.0
2025-10-26 19:08:31,703 [ERROR] Engine:466 - /Users/pawel/.stm32cubemx/thirdparties/pdsc/STMicroelectronics.FP-SNS-STAIOTCFT.1.0.0.pdsc: PDSC version is not supported
2025-10-26 19:08:31,710 [WARN] PackLoader:240 - Cannot read IP mode file for STMicroelectronics.X-CUBE-DPower.1.3.0
2025-10-26 19:08:31,762 [WARN] ConditionMgr:438 - getConditionDescription Invalid condition id : LAN8742 Phy interface Condition cause : null
2025-10-26 19:08:31,788 [WARN] PackLoader:240 - Cannot read IP mode file for STMicroelectronics.X-CUBE-AZRTOS-L4.2.0.0
2025-10-26 19:08:31,822 [WARN] ConditionMgr:1039 - genDependencies : Invalid condition id : LAN8742 Phy interface Condition cause : null
2025-10-26 19:08:31,823 [WARN] ConditionMgr:1039 - genDependencies : Invalid condition id : LAN8742 Phy interface Condition cause : null
2025-10-26 19:08:31,824 [WARN] ConditionMgr:1039 - genDependencies : Invalid condition id : LAN8742 Phy interface Condition cause : null
2025-10-26 19:08:31,887 [WARN] PackLoader:240 - Cannot read IP mode file for STMicroelectronics.X-CUBE-SFXS2LP1.4.0.0
2025-10-26 19:08:31,949 [WARN] PackLoader:240 - Cannot read IP mode file for STMicroelectronics.X-CUBE-AZRTOS-H7.3.3.0
2025-10-26 19:08:32,002 [ERROR] Engine:466 - /Users/pawel/.stm32cubemx/thirdparties/pdsc/STMicroelectronics.X-CUBE-BLEMGR.4.1.0.pdsc: PDSC version is not supported
2025-10-26 19:08:32,056 [WARN] PackLoader:240 - Cannot read IP mode file for STMicroelectronics.X-CUBE-IPS.3.0.0
2025-10-26 19:08:32,102 [WARN] ConditionMgr:438 - getConditionDescription Invalid condition id : UX DEVICE CLASS RTOS Condition cause : null
2025-10-26 19:08:32,102 [WARN] ConditionMgr:438 - getConditionDescription Invalid condition id : UX DEVICE CLASS RTOS Condition cause : null
2025-10-26 19:08:32,110 [WARN] PackLoader:240 - Cannot read IP mode file for STMicroelectronics.X-CUBE-AZRTOS-WB.2.0.0
2025-10-26 19:08:32,113 [WARN] ConditionMgr:1039 - genDependencies : Invalid condition id : UX DEVICE CLASS RTOS Condition cause : null
2025-10-26 19:08:32,113 [WARN] ConditionMgr:1039 - genDependencies : Invalid condition id : UX DEVICE CLASS RTOS Condition cause : null
2025-10-26 19:08:32,114 [WARN] ConditionMgr:1039 - genDependencies : Invalid condition id : UX DEVICE CLASS RTOS Condition cause : null
2025-10-26 19:08:32,116 [WARN] ConditionMgr:1039 - genDependencies : Invalid condition id : UX DEVICE CLASS RTOS Condition cause : null
2025-10-26 19:08:32,116 [WARN] ConditionMgr:1039 - genDependencies : Invalid condition id : UX DEVICE CLASS RTOS Condition cause : null
2025-10-26 19:08:32,140 [WARN] PackLoader:240 - Cannot read IP mode file for STMicroelectronics.X-CUBE-GNSS1.7.0.0
2025-10-26 19:08:32,158 [WARN] PackLoader:240 - Cannot read IP mode file for STMicroelectronics.X-CUBE-GNSS1.7.0.1
2025-10-26 19:08:32,168 [WARN] PackLoader:240 - Cannot read IP mode file for STMicroelectronics.X-CUBE-TOUCHGFX.4.25.0
2025-10-26 19:08:32,176 [WARN] PackLoader:240 - Cannot read IP mode file for STMicroelectronics.FP-SNS-STBOX1.2.0.0
2025-10-26 19:08:32,200 [WARN] PackLoader:240 - Cannot read IP mode file for STMicroelectronics.X-CUBE-SUBG2.5.0.0
2025-10-26 19:08:32,238 [WARN] PackLoader:240 - Cannot read IP mode file for STMicroelectronics.X-CUBE-AZRTOS-H7RS.1.1.0
2025-10-26 19:08:32,249 [WARN] PackLoader:240 - Cannot read IP mode file for Cesanta.I-CUBE-Mongoose.7.13.0
2025-10-26 19:08:32,267 [WARN] PackLoader:240 - Cannot read IP mode file for STMicroelectronics.X-CUBE-AZRTOS-G4.2.0.0
2025-10-26 19:08:32,277 [WARN] PackLoader:240 - Cannot read IP mode file for STMicroelectronics.X-CUBE-NFC7.2.0.0
2025-10-26 19:08:32,285 [ERROR] Engine:466 - /Users/pawel/.stm32cubemx/thirdparties/pdsc/STMicroelectronics.X-CUBE-IPS.3.1.0.pdsc: PDSC version is not supported
2025-10-26 19:08:32,296 [WARN] PackLoader:240 - Cannot read IP mode file for STMicroelectronics.X-CUBE-ALS.1.0.2
2025-10-26 19:08:32,309 [WARN] PackLoader:240 - Cannot read IP mode file for STMicroelectronics.X-CUBE-TOUCHGFX.4.24.1
2025-10-26 19:08:32,326 [WARN] PackLoader:240 - Cannot read IP mode file for STMicroelectronics.X-CUBE-STSE01.1.0.0
2025-10-26 19:08:32,333 [WARN] PackLoader:240 - Cannot read IP mode file for wolfSSL.I-CUBE-wolfTPM.3.4.0
2025-10-26 19:08:32,344 [WARN] PackLoader:240 - Cannot read IP mode file for portGmbH.I-Cube-SoM-uGOAL.1.1.0
2025-10-26 19:08:32,390 [WARN] PackLoader:240 - Cannot read IP mode file for STMicroelectronics.X-CUBE-AZRTOS-H7RS.1.0.0
2025-10-26 19:08:32,402 [WARN] PackLoader:240 - Cannot read IP mode file for STMicroelectronics.FP-ATR-ASTRA1.2.0.0
2025-10-26 19:08:32,422 [WARN] PackLoader:240 - Cannot read IP mode file for STMicroelectronics.X-CUBE-TOF1.3.4.2
2025-10-26 19:08:32,466 [ERROR] Engine:466 - /Users/pawel/.stm32cubemx/thirdparties/pdsc/STMicroelectronics.X-CUBE-TOF1.3.4.3.pdsc: PDSC version is not supported
2025-10-26 19:08:32,549 [WARN] PackLoader:240 - Cannot read IP mode file for Infineon.AIROC-Wi-Fi-Bluetooth-STM32.1.6.1
2025-10-26 19:08:32,588 [WARN] PackLoader:240 - Cannot read IP mode file for wolfSSL.I-CUBE-wolfSSH.1.4.17
2025-10-26 19:08:32,598 [INFO] ThirdParty:978 - Integrity check success = true
2025-10-26 19:08:32,599 [INFO] IntegrityCheckThread:100 - exiting critical section [integrity check]
2025-10-26 19:08:32,600 [INFO] IntegrityCheckThread:103 - End integrity checks thread
2025-10-26 19:08:32,779 [INFO] WebApp:167 - Instantiating new browser for Auth
2025-10-26 19:08:34,738 [INFO] WebApp:448 - Apply proxy settings
2025-10-26 19:08:34,763 [INFO] WebApp:493 - Chromium authenticates against Manually configured proxy
2025-10-26 19:08:34,789 [INFO] WebApp:501 - Username used for proxy authentication: 
2025-10-26 19:08:34,864 [INFO] WebApp:869 - Register for checkConnection events
2025-10-26 19:08:34,865 [INFO] WebApp:448 - Apply proxy settings
2025-10-26 19:08:34,868 [INFO] WebApp:493 - Chromium authenticates against Manually configured proxy
2025-10-26 19:08:34,869 [INFO] WebApp:501 - Username used for proxy authentication: 
2025-10-26 19:08:35,054 [INFO] WebApp:220 - Starting web application
2025-10-26 19:08:35,055 [INFO] WebApp:578 - Web application path used /Applications/STM32CubeIDE.app/Contents/Eclipse/plugins/com.st.stm32cube.common.mx_6.12.1.202409122256/db/plugins/mcufinder/reactClient1/index.html
2025-10-26 19:08:35,683 [INFO] UserAuth:417 - Internet connection configuration mode: 1
2025-10-26 19:08:35,975 [INFO] WebApp:186 - Connection restablished
2025-10-26 19:08:46,836 [ERROR] LogOutputStream:75 - [STDERR_REDIRECT] 
